<?xml version="1.0" encoding="UTF-8"?>
<!-- Generated by org.testng.reporters.JUnitXMLReporter -->
<testsuite ignored="1" hostname="Sanjay" failures="1" tests="1" name="Default test(failed)" time="5.534" errors="0" timestamp="2023-02-27T19:00:28 IST">
  <testcase classname="testScripts.SampleOneTest" name="SeleniumSearchTest" time="5.458">
    <failure type="java.lang.AssertionError" message="expected [Selenium Tutorial - Google Search] but found [Google]">
      <![CDATA[java.lang.AssertionError: expected [Selenium Tutorial - Google Search] but found [Google]
at testScripts.SampleOneTest.SeleniumSearchTest(SampleOneTest.java:38)
at java.base/java.util.ArrayList.forEach(ArrayList.java:1511)
... Removed 33 stack frames]]>
    </failure>
  </testcase> <!-- SeleniumSearchTest -->
  <testcase classname="testScripts.SampleOneTest" name="javaSearchTest" time="0.0">
    <ignored/>
  </testcase> <!-- javaSearchTest -->
</testsuite> <!-- Default test(failed) -->
