<?xml version="1.0" encoding="UTF-8"?>
<!-- Generated by org.testng.reporters.JUnitXMLReporter -->
<testsuite ignored="0" hostname="Sanjay" failures="0" tests="19" name="ModuleOneTest" time="0.598" errors="0" timestamp="2023-03-02T19:45:07 IST">
  <testcase classname="parallelScripts.sampleOneTest" name="testOne" time="0.182"/>
  <testcase classname="parallelScripts.sampleOneTest" name="testFour" time="0.161"/>
  <testcase classname="parallelScripts.sampleOneTest" name="testFour" time="0.004"/>
  <testcase classname="parallelScripts.sampleOneTest" name="testFour" time="0.162"/>
  <testcase classname="parallelScripts.sampleOneTest" name="testThree" time="0.183"/>
  <testcase classname="parallelScripts.sampleOneTest" name="testFour" time="0.162"/>
  <testcase classname="parallelScripts.sampleOneTest" name="testFour" time="0.174"/>
  <testcase classname="parallelScripts.SampleTwoTest" name="testFour" time="0.005"/>
  <testcase classname="parallelScripts.sampleOneTest" name="testFour" time="0.002"/>
  <testcase classname="parallelScripts.sampleOneTest" name="testFour" time="0.033"/>
  <testcase classname="parallelScripts.SampleTwoTest" name="testOne" time="0.002"/>
  <testcase classname="parallelScripts.sampleOneTest" name="testFour" time="0.004"/>
  <testcase classname="parallelScripts.SampleTwoTest" name="testThree" time="0.004"/>
  <testcase classname="parallelScripts.sampleOneTest" name="testTwo" time="0.049"/>
  <testcase classname="parallelScripts.SampleThreeTest" name="testFour" time="0.009"/>
  <testcase classname="parallelScripts.SampleThreeTest" name="testOne" time="0.002"/>
  <testcase classname="parallelScripts.SampleThreeTest" name="testTwo" time="0.003"/>
  <testcase classname="parallelScripts.SampleThreeTest" name="testThree" time="0.008"/>
  <testcase classname="parallelScripts.SampleTwoTest" name="testTwo" time="0.004"/>
</testsuite> <!-- ModuleOneTest -->
